<?xml version="1.0" encoding="utf-8"?><testsuites name="pytest tests"><testsuite name="pytest" errors="0" failures="0" skipped="0" tests="12" time="14.405" timestamp="2026-02-04T21:35:29.188622+00:00" hostname="agent-env-5502c6c6-bb6e-421e-86b7-0e5044652713"><testcase classname="backend.tests.test_calorie_tracker.TestAuthentication" name="test_login_success" time="0.713" /><testcase classname="backend.tests.test_calorie_tracker.TestAuthentication" name="test_login_invalid_credentials" time="0.458" /><testcase classname="backend.tests.test_calorie_tracker.TestCalorieTrackerAPIs" name="test_get_today_summary" time="1.665" /><testcase classname="backend.tests.test_calorie_tracker.TestCalorieTrackerAPIs" name="test_get_meal_history" time="1.431" /><testcase classname="backend.tests.test_calorie_tracker.TestCalorieTrackerAPIs" name="test_get_daily_goal" time="1.018" /><testcase classname="backend.tests.test_calorie_tracker.TestCalorieTrackerAPIs" name="test_update_daily_goal" time="1.598" /><testcase classname="backend.tests.test_calorie_tracker.TestCalorieTrackerAPIs" name="test_analyze_meal_unauthorized" time="1.027" /><testcase classname="backend.tests.test_calorie_tracker.TestCalorieTrackerAPIs" name="test_today_summary_unauthorized" time="1.646" /><testcase classname="backend.tests.test_calorie_tracker.TestCalorieTrackerAPIs" name="test_history_unauthorized" time="1.435" /><testcase classname="backend.tests.test_calorie_tracker.TestAccountPage" name="test_get_user_profile" time="1.180" /><testcase classname="backend.tests.test_calorie_tracker.TestAccountPage" name="test_get_user_purchases" time="1.017" /><testcase classname="backend.tests.test_calorie_tracker.TestAccountPage" name="test_get_user_courses" time="1.117" /></testsuite></testsuites>