<?xml version="1.0" encoding="utf-8"?><testsuites name="pytest tests"><testsuite name="pytest" errors="0" failures="0" skipped="0" tests="14" time="11.372" timestamp="2026-02-06T15:17:47.212976+00:00" hostname="agent-env-f6082eec-4a53-411d-8211-c4254a1cc2d1"><testcase classname="backend.tests.test_apple_iap.TestAppleIAPRoutes" name="test_apple_verify_requires_auth" time="0.476" /><testcase classname="backend.tests.test_apple_iap.TestAppleIAPRoutes" name="test_apple_restore_requires_auth" time="0.449" /><testcase classname="backend.tests.test_apple_iap.TestAppleIAPRoutes" name="test_apple_status_requires_auth" time="0.342" /><testcase classname="backend.tests.test_apple_iap.TestAppleIAPRoutes" name="test_apple_verify_with_auth" time="1.140" /><testcase classname="backend.tests.test_apple_iap.TestAppleIAPRoutes" name="test_apple_verify_invalid_product" time="1.328" /><testcase classname="backend.tests.test_apple_iap.TestAppleIAPRoutes" name="test_apple_restore_with_auth" time="1.016" /><testcase classname="backend.tests.test_apple_iap.TestAppleIAPRoutes" name="test_apple_status_with_auth" time="1.031" /><testcase classname="backend.tests.test_apple_iap.TestForgotPasswordRoute" name="test_forgot_password_endpoint" time="0.927" /><testcase classname="backend.tests.test_apple_iap.TestForgotPasswordRoute" name="test_forgot_password_nonexistent_email" time="0.766" /><testcase classname="backend.tests.test_apple_iap.TestAuthenticationRoutes" name="test_login_demo_user" time="0.674" /><testcase classname="backend.tests.test_apple_iap.TestAuthenticationRoutes" name="test_login_test_user" time="0.682" /><testcase classname="backend.tests.test_apple_iap.TestAuthenticationRoutes" name="test_login_invalid_credentials" time="0.888" /><testcase classname="backend.tests.test_apple_iap.TestRamadanProgramCheckout" name="test_ramadan_course_exists" time="0.444" /><testcase classname="backend.tests.test_apple_iap.TestRamadanProgramCheckout" name="test_stripe_checkout_with_auth" time="1.141" /></testsuite></testsuites>