<?xml version="1.0" encoding="utf-8"?><testsuites name="pytest tests"><testsuite name="pytest" errors="0" failures="0" skipped="0" tests="43" time="37.187" timestamp="2026-02-06T15:20:21.542716+00:00" hostname="agent-env-f6082eec-4a53-411d-8211-c4254a1cc2d1"><testcase classname="backend.tests.test_apple_iap.TestAppleIAPRoutes" name="test_apple_verify_requires_auth" time="0.477" /><testcase classname="backend.tests.test_apple_iap.TestAppleIAPRoutes" name="test_apple_restore_requires_auth" time="0.446" /><testcase classname="backend.tests.test_apple_iap.TestAppleIAPRoutes" name="test_apple_status_requires_auth" time="0.448" /><testcase classname="backend.tests.test_apple_iap.TestAppleIAPRoutes" name="test_apple_verify_with_auth" time="1.129" /><testcase classname="backend.tests.test_apple_iap.TestAppleIAPRoutes" name="test_apple_verify_invalid_product" time="1.045" /><testcase classname="backend.tests.test_apple_iap.TestAppleIAPRoutes" name="test_apple_restore_with_auth" time="1.017" /><testcase classname="backend.tests.test_apple_iap.TestAppleIAPRoutes" name="test_apple_status_with_auth" time="1.042" /><testcase classname="backend.tests.test_apple_iap.TestForgotPasswordRoute" name="test_forgot_password_endpoint" time="0.704" /><testcase classname="backend.tests.test_apple_iap.TestForgotPasswordRoute" name="test_forgot_password_nonexistent_email" time="0.444" /><testcase classname="backend.tests.test_apple_iap.TestAuthenticationRoutes" name="test_login_demo_user" time="0.567" /><testcase classname="backend.tests.test_apple_iap.TestAuthenticationRoutes" name="test_login_test_user" time="0.563" /><testcase classname="backend.tests.test_apple_iap.TestAuthenticationRoutes" name="test_login_invalid_credentials" time="0.565" /><testcase classname="backend.tests.test_apple_iap.TestRamadanProgramCheckout" name="test_ramadan_course_exists" time="0.343" /><testcase classname="backend.tests.test_apple_iap.TestRamadanProgramCheckout" name="test_stripe_checkout_with_auth" time="1.006" /><testcase classname="backend.tests.test_appstore_features.TestHealthAndBasicEndpoints" name="test_health_endpoint" time="0.669" /><testcase classname="backend.tests.test_appstore_features.TestHealthAndBasicEndpoints" name="test_courses_endpoint" time="0.474" /><testcase classname="backend.tests.test_appstore_features.TestHealthAndBasicEndpoints" name="test_site_content_endpoint" time="0.455" /><testcase classname="backend.tests.test_appstore_features.TestAuthentication" name="test_login_with_valid_credentials" time="0.891" /><testcase classname="backend.tests.test_appstore_features.TestAuthentication" name="test_login_with_invalid_credentials" time="0.663" /><testcase classname="backend.tests.test_appstore_features.TestAuthentication" name="test_login_with_nonexistent_user" time="0.347" /><testcase classname="backend.tests.test_appstore_features.TestRamadanCourseAndCheckout" name="test_ramadan_course_exists" time="0.655" /><testcase classname="backend.tests.test_appstore_features.TestRamadanCourseAndCheckout" name="test_init_ramadan_course_endpoint" time="0.760" /><testcase classname="backend.tests.test_appstore_features.TestRamadanCourseAndCheckout" name="test_stripe_checkout_requires_auth" time="0.771" /><testcase classname="backend.tests.test_appstore_features.TestRamadanCourseAndCheckout" name="test_stripe_checkout_with_auth" time="2.261" /><testcase classname="backend.tests.test_appstore_features.TestRamadanCourseAndCheckout" name="test_stripe_checkout_invalid_course" time="1.359" /><testcase classname="backend.tests.test_appstore_features.TestUserEndpoints" name="test_get_user_profile" time="1.020" /><testcase classname="backend.tests.test_appstore_features.TestUserEndpoints" name="test_get_user_purchases" time="1.041" /><testcase classname="backend.tests.test_appstore_features.TestUserEndpoints" name="test_get_notification_settings" time="1.017" /><testcase classname="backend.tests.test_appstore_features.TestProtectedEndpoints" name="test_profile_requires_auth" time="0.449" /><testcase classname="backend.tests.test_appstore_features.TestProtectedEndpoints" name="test_purchases_requires_auth" time="0.451" /><testcase classname="backend.tests.test_appstore_features.TestProtectedEndpoints" name="test_notifications_requires_auth" time="0.448" /><testcase classname="backend.tests.test_calorie_tracker.TestAuthentication" name="test_login_success" time="0.893" /><testcase classname="backend.tests.test_calorie_tracker.TestAuthentication" name="test_login_invalid_credentials" time="0.443" /><testcase classname="backend.tests.test_calorie_tracker.TestCalorieTrackerAPIs" name="test_get_today_summary" time="1.227" /><testcase classname="backend.tests.test_calorie_tracker.TestCalorieTrackerAPIs" name="test_get_meal_history" time="1.246" /><testcase classname="backend.tests.test_calorie_tracker.TestCalorieTrackerAPIs" name="test_get_daily_goal" time="1.011" /><testcase classname="backend.tests.test_calorie_tracker.TestCalorieTrackerAPIs" name="test_update_daily_goal" time="1.475" /><testcase classname="backend.tests.test_calorie_tracker.TestCalorieTrackerAPIs" name="test_analyze_meal_unauthorized" time="1.015" /><testcase classname="backend.tests.test_calorie_tracker.TestCalorieTrackerAPIs" name="test_today_summary_unauthorized" time="1.363" /><testcase classname="backend.tests.test_calorie_tracker.TestCalorieTrackerAPIs" name="test_history_unauthorized" time="1.006" /><testcase classname="backend.tests.test_calorie_tracker.TestAccountPage" name="test_get_user_profile" time="1.433" /><testcase classname="backend.tests.test_calorie_tracker.TestAccountPage" name="test_get_user_purchases" time="1.114" /><testcase classname="backend.tests.test_calorie_tracker.TestAccountPage" name="test_get_user_courses" time="1.336" /></testsuite></testsuites>